
iMac.local	Sun Feb 28 23:10:11 2021
	INET/inet_error: read errno = 54, client address = 127.0.0.1/52478, user = ugocottin.4294967295.4294967295


iMac.local	Sun Mar  7 00:41:54 2021
	Error in isc_attach_database() API call when working with security database
	Can't access lock files' directory /tmp/firebird/


iMac.local	Tue Mar  9 23:30:06 2021
	INET/inet_error: read errno = 54, client address = 127.0.0.1/50985, user = ugocottin.4294967295.4294967295


iMac.local	Wed Mar 10 15:31:05 2021
	INET/inet_error: connect errno = 4


iMac.local	Wed Mar 10 15:31:06 2021
	INET/inet_error: connect errno = 4


iMac.local	Wed Mar 10 15:31:20 2021
	INET/inet_error: connect errno = 4


iMac.local	Wed Mar 10 15:31:20 2021
	INET/inet_error: connect errno = 4


iMac.local	Wed Mar 10 15:31:48 2021
	INET/inet_error: connect errno = 4


iMac.local	Wed Mar 10 15:31:49 2021
	INET/inet_error: connect errno = 4


iMac.local	Mon Mar 15 16:44:05 2021
	INET/inet_error: connect errno = 4


iMac.local	Mon Mar 15 16:44:06 2021
	INET/inet_error: connect errno = 4


iMac.local	Tue Mar 16 18:39:10 2021
	INET/inet_error: connect errno = 4


iMac.local	Tue Mar 16 18:39:12 2021
	INET/inet_error: connect errno = 4

